<?xml version="1.0" encoding="UTF-8"?>
<!-- Generated by org.testng.reporters.JUnitXMLReporter -->
<testsuite hostname="Nithesh-Gowda" ignored="0" name="Test" tests="9" failures="1" timestamp="23 Aug 2020 13:08:35 GMT" time="25.585" errors="0">
  <testcase name="unsucessfulLogin" time="11.646" classname="com.Reqres.Test.UnsuccessfulLoginTest"/>
  <testcase name="coopTest" time="1.438" classname="com.Reqres.Test.CoopsAuthentication"/>
  <testcase name="registerTest" time="1.267" classname="com.Reqres.Test.RegisterUserTest"/>
  <testcase name="updateTest" time="1.47" classname="com.Reqres.Test.UpdateUser"/>
  <testcase name="logiApiTest" time="1.445" classname="com.Reqres.Test.LoginApiTest"/>
  <testcase name="deleteUserTest" time="1.229" classname="com.Reqres.Test.DeleteUserTest"/>
  <testcase name="getSingleUser" time="0.976" classname="com.Reqres.Test.GetSingleUser">
    <failure type="java.lang.AssertionError" message="1 expectation failed.
Expected response time was not a value less than &amp;lt;5L&amp;gt; milliseconds, was 647 milliseconds (647 milliseconds).">
      <![CDATA[java.lang.AssertionError: 1 expectation failed.
Expected response time was not a value less than <5L> milliseconds, was 647 milliseconds (647 milliseconds).
at org.codehaus.groovy.runtime.callsite.ConstructorSite$ConstructorSiteNoUnwrap.callConstructor(ConstructorSite.java:84)
at org.codehaus.groovy.runtime.callsite.CallSiteArray.defaultCallConstructor(CallSiteArray.java:59)
at org.codehaus.groovy.runtime.callsite.AbstractCallSite.callConstructor(AbstractCallSite.java:263)
at org.codehaus.groovy.runtime.callsite.AbstractCallSite.callConstructor(AbstractCallSite.java:277)
at io.restassured.internal.ResponseSpecificationImpl$HamcrestAssertionClosure.validate(ResponseSpecificationImpl.groovy:493)
at io.restassured.internal.ResponseSpecificationImpl$HamcrestAssertionClosure$validate$1.call(Unknown Source)
at io.restassured.internal.ResponseSpecificationImpl.validateResponseIfRequired(ResponseSpecificationImpl.groovy:674)
at org.codehaus.groovy.runtime.callsite.PlainObjectMetaMethodSite.doInvoke(PlainObjectMetaMethodSite.java:43)
at org.codehaus.groovy.runtime.callsite.PogoMetaMethodSite$PogoCachedMethodSiteNoUnwrapNoCoerce.invoke(PogoMetaMethodSite.java:193)
at org.codehaus.groovy.runtime.callsite.PogoMetaMethodSite.callCurrent(PogoMetaMethodSite.java:61)
at org.codehaus.groovy.runtime.callsite.CallSiteArray.defaultCallCurrent(CallSiteArray.java:51)
at org.codehaus.groovy.runtime.callsite.AbstractCallSite.callCurrent(AbstractCallSite.java:171)
at org.codehaus.groovy.runtime.callsite.AbstractCallSite.callCurrent(AbstractCallSite.java:185)
at io.restassured.internal.ResponseSpecificationImpl.time(ResponseSpecificationImpl.groovy:118)
at io.restassured.internal.ValidatableResponseOptionsImpl.time(ValidatableResponseOptionsImpl.java:409)
at io.restassured.internal.ValidatableResponseImpl.super$2$time(ValidatableResponseImpl.groovy)
at groovy.lang.MetaMethod.doMethodInvoke(MetaMethod.java:323)
at groovy.lang.MetaClassImpl.invokeMethod(MetaClassImpl.java:1262)
at org.codehaus.groovy.runtime.ScriptBytecodeAdapter.invokeMethodOnSuperN(ScriptBytecodeAdapter.java:144)
at io.restassured.internal.ValidatableResponseImpl.time(ValidatableResponseImpl.groovy:58)
at io.restassured.internal.ValidatableResponseImpl.time(ValidatableResponseImpl.groovy)
at com.Reqres.Test.GetSingleUser.getSingleUser(GetSingleUser.java:22)
... Removed 40 stack frames]]>
    </failure>
  </testcase> <!-- getSingleUser -->
  <testcase name="createTest" time="2.321" classname="com.Reqres.Test.CreateTest"/>
  <testcase name="getlistOfUserTest" time="3.419" classname="com.Reqres.Test.GetListOfUserTest"/>
</testsuite> <!-- Test -->
